<?xml version="1.0" encoding="UTF-8"?>
<!-- Generated by org.testng.reporters.JUnitReportReporter -->
<testsuite hostname="DESKTOP-FMCGCGM" failures="0" tests="1" name="Amazon.AmazonTest" time="1.223" errors="0" timestamp="2024-09-15T01:40:20 IST" skipped="0">
  <testcase classname="Amazon.AmazonTest" name="testAmazonHomePage" time="1.223"/>
  <system-out/>
</testsuite> <!-- Amazon.AmazonTest -->
